


ARM Macro Assembler    Page 1 


    1 00000000         ;/******************************************************
                       ***********************/
    2 00000000         ;/* startup_sh32f9xx_keil.s: Startup file for Sinowealth
                        SH32F9 device series    */
    3 00000000         ;/******************************************************
                       ***********************/
    4 00000000         ;/* <<< Use Configuration Wizard in Context Menu >>>    
                                             */ 
    5 00000000         ;/******************************************************
                       ***********************/
    6 00000000         ;/* This file is part of the uVision/ARM development too
                       ls.                   */
    7 00000000         ;/* Copyright (c) 2005-2007 Keil Software. All rights re
                       served.               */
    8 00000000         ;/* This software may only be used under the terms of a 
                       valid, current,       */
    9 00000000         ;/* end user licence from KEIL for a compatible version 
                       of KEIL software      */
   10 00000000         ;/* development tools. Nothing else gives you the right 
                       to use this software. */
   11 00000000         ;/******************************************************
                       ***********************/
   12 00000000         
   13 00000000         ;<e>Run Application in User Mode
   14 00000000 00000000 
                       USER_MODE_EN
                               EQU              0
   15 00000000         ;</e>
   16 00000000         
   17 00000000         ;// <h> Stack Configuration
   18 00000000         ;   <o0>System Stack Size (in Bytes) <0x0-0xFFFFFFFF:8>
   19 00000000         ;   <o1>User Stack Size (in Bytes) <0x000-0xFFFFFFFF:8>
   20 00000000         ;// </h> 
   21 00000000 00000400 
                       SystemStack_Size
                               EQU              0x00000400
   22 00000000 00000000 
                       UserStack_Size
                               EQU              0x00000000
   23 00000000         
   24 00000000                 AREA             STACK, NOINIT, READWRITE, ALIGN
=3
   25 00000000         System_Stack_Mem
                               SPACE            SystemStack_Size
   26 00000400         system_stack_top
   27 00000400         User_Stack_Mem
                               SPACE            UserStack_Size
   28 00000400         usr_stack_top
   29 00000400         __initial_sp
   30 00000400         
   31 00000400         ;// <h> Heap Configuration
   32 00000400         ;//   <o>  Heap Size (in Bytes) <0x0-0xFFFFFFFF>
   33 00000400         ;// </h>
   34 00000400 00000100 
                       Heap_Size
                               EQU              0x00000100
   35 00000400         
   36 00000400         ;/******************************************************
                       ***********************/



ARM Macro Assembler    Page 2 


   37 00000400         ;/*-------- <<< end of configuration section >>> -------
                       ----------------------*/
   38 00000400         ;/******************************************************
                       ***********************/
   39 00000400         
   40 00000400                 AREA             HEAP, NOINIT, READWRITE, ALIGN=
3
   41 00000000         __heap_base
   42 00000000         Heap_Mem
                               SPACE            Heap_Size
   43 00000100         __heap_limit
   44 00000100         
   45 00000100                 PRESERVE8
   46 00000100                 THUMB
   47 00000100         ; Vector Table Mapped to Address 0 at Reset
   48 00000100                 AREA             RESET, DATA, READONLY
   49 00000000                 EXPORT           __Vectors
   50 00000000                 EXPORT           __Vectors_End
   51 00000000                 EXPORT           __Vectors_Size
   52 00000000         __Vectors
   53 00000000 00000000        DCD              system_stack_top ; -16 (000H) T
                                                            op of Stack
   54 00000004 00000000        DCD              Reset_Handler ; -15 (004H) Rese
                                                            t Handler
   55 00000008 00000000        DCD              NMI_Handler ; -14 (008H) Non Ma
                                                            skable Interrupt
   56 0000000C 00000000        DCD              HardFault_Handler ; -13 (00CH) 
                                                            Hard Fault Interrup
                                                            t
   57 00000010 00000000        DCD              MemManage_Handler ; -12 (010H) 
                                                            Cortex-M3 Memory Ma
                                                            nagement Interrupt
   58 00000014 00000000        DCD              BusFault_Handler ; -11 (014H) C
                                                            ortex-M3 Bus Fault 
                                                            Interrupt
   59 00000018 00000000        DCD              UsageFault_Handler ; -10 (018H)
                                                             Cortex-M3 Usage Fa
                                                            ult Interrupt
   60 0000001C 00000000        DCD              Default_Handler ;  -9 (01CH) Re
                                                            served
   61 00000020 00000000        DCD              Default_Handler ;  -8 (020H) Re
                                                            served
   62 00000024 00000000        DCD              Default_Handler ;  -7 (024H) Re
                                                            served
   63 00000028 00000000        DCD              Default_Handler ;  -6 (028H) Re
                                                            served
   64 0000002C 00000000        DCD              SVC_Handler ;  -5 (02CH) Cortex
                                                            -M3 SVC Interrupt
   65 00000030 00000000        DCD              DebugMon_Handler ;  -4 (030H) C
                                                            ortex-M3 Debug Moni
                                                            tor Interrupt
   66 00000034 00000000        DCD              Default_Handler ;  -3 (034H) Re
                                                            served
   67 00000038 00000000        DCD              PendSV_Handler ;  -2 (038H) Cor
                                                            tex-M3 Pend SV Inte
                                                            rrupt
   68 0000003C 00000000        DCD              SysTick_Handler ;  -1 (03CH) Co
                                                            rtex-M3 System Tick
                                                             Interrupt



ARM Macro Assembler    Page 3 


   69 00000040 00000000        DCD              WWDT_Handler ;   0 (040H) Windo
                                                            w WatchDog Interrup
                                                            t
   70 00000044 00000000        DCD              BOD_Handler ;   1 (044H) PVD th
                                                            rough EXTI Line det
                                                            ection Interrupt
   71 00000048 00000000        DCD              RCC_Handler ;   2 (048H) RCC gl
                                                            obal Interrupt
   72 0000004C 00000000        DCD              EXTI0_Handler ;   3 (04CH) EXTI
                                                             Line0 Interrupt
   73 00000050 00000000        DCD              EXTI1_Handler ;   4 (050H) EXTI
                                                             Line1 Interrupt
   74 00000054 00000000        DCD              EXTI2_Handler ;   5 (054H) EXTI
                                                             Line2 Interrupt
   75 00000058 00000000        DCD              EXTI3_Handler ;   6 (058H) EXTI
                                                             Line3 Interrupt
   76 0000005C 00000000        DCD              EXTI4_Handler ;   7 (05CH) EXTI
                                                             Line4 Interrupt
   77 00000060 00000000        DCD              DMA_CH0_Handler ;   8 (060H) DM
                                                            A Channel0 Interrup
                                                            t
   78 00000064 00000000        DCD              DMA_CH1_Handler ;   9 (064H) DM
                                                            A Channel1 Interrup
                                                            t
   79 00000068 00000000        DCD              DMA_CH2_7_Handler ;  10 (068H) 
                                                            DMA Channel2 ~ Chan
                                                            nel7 Interrupt
   80 0000006C 00000000        DCD              ADC_Handler ;  11 (06CH) ADC In
                                                            terrupt
   81 00000070 00000000        DCD              PWM0_Handler ;  12 (070H) PWM0 
                                                            Interrupt
   82 00000074 00000000        DCD              PWM1_Handler ;  13 (074H) PWM1 
                                                            Interrupt
   83 00000078 00000000        DCD              PWM2_Handler ;  14 (078H) PWM2 
                                                            Interrupt
   84 0000007C 00000000        DCD              PWM3_Handler ;  15 (07CH) PWM3 
                                                            Interrupt
   85 00000080 00000000        DCD              PCA0_Handler ;  16 (080H) PCA0 
                                                            Interrupt
   86 00000084 00000000        DCD              PCA1_Handler ;  17 (084H) PCA1 
                                                            Interrupt
   87 00000088 00000000        DCD              PCA2_Handler ;  18 (088H) PCA2 
                                                            Interrupt
   88 0000008C 00000000        DCD              PCA3_Handler ;  19 (08CH) PCA3 
                                                            Interrupt
   89 00000090 00000000        DCD              EXTI9_5_Handler ;  20 (090H) EX
                                                            TI Line5 ~ Line9 gl
                                                            obal Interrupt
   90 00000094 00000000        DCD              UART0_Handler ;  21 (094H) UART
                                                            0 Interrupt
   91 00000098 00000000        DCD              TWI0_Handler ;  22 (098H) TWI0 
                                                            Interrupt
   92 0000009C 00000000        DCD              TWI1_Handler ;  23 (09CH) TWI1 
                                                            Interrupt
   93 000000A0 00000000        DCD              SPI0_Handler ;  24 (0A0H) SPI0 
                                                            Interrupt
   94 000000A4 00000000        DCD              SPI1_Handler ;  25 (0A4H) SPI1 
                                                            Interrupt
   95 000000A8 00000000        DCD              UART1_Handler ;  26 (0A8H) UART



ARM Macro Assembler    Page 4 


                                                            1 Interrupt
   96 000000AC 00000000        DCD              UART2_Handler ;  27 (0ACH) UART
                                                            2 Interrupt
   97 000000B0 00000000        DCD              UART3_Handler ;  28 (0B0H) UART
                                                            3 Interrupt
   98 000000B4 00000000        DCD              UART4_Handler ;  29 (0B4H) UART
                                                            4 Interrupt
   99 000000B8 00000000        DCD              EXTI15_10_Handler ;  30 (0B8H) 
                                                            EXTI Line10 ~ Line1
                                                            5 Interrupt
  100 000000BC 00000000        DCD              UART5_Handler ;  31 (0BCH) UART
                                                            5 Interrupt
  101 000000C0 00000000        DCD              TIM5_Handler ;  32 (0C0H) TIM5 
                                                            Interrupt
  102 000000C4 00000000        DCD              TIM6_Handler ;  33 (0C4H) TIM6 
                                                            Interrupt
  103 000000C8 00000000        DCD              TIM7_Handler ;  34 (0C8H) TIM7 
                                                            Interrupt
  104 000000CC 00000000        DCD              TIM8_Handler ;  35 (0CCH) TIM8 
                                                            Interrupt
  105 000000D0 00000000        DCD              PCA4_Handler ;  36 (0D0H) PCA4 
                                                            Interrupt
  106 000000D4 00000000        DCD              PCA5_Handler ;  37 (0D4H) PCA5 
                                                            Interrupt
  107 000000D8 00000000        DCD              PCA6_Handler ;  38 (0D8H) PCA6 
                                                            Interrupt
  108 000000DC 00000000        DCD              PCA7_Handler ;  39 (0DCH) PCA7 
                                                            Interrupt
  109 000000E0 00000000        DCD              LED_Handler ;  40 (0E0H) LED In
                                                            terrupt
  110 000000E4 00000000        DCD              TouchKey_Handler ;  41 (0E4H) T
                                                            ouchKey Interrupt
  111 000000E8         
  112 000000E8         
  113 000000E8         __Vectors_End
  114 000000E8 000000E8 
                       __Vectors_Size
                               EQU              __Vectors_End - __Vectors
  115 000000E8         
  116 000000E8                 AREA             |.text|, CODE, READONLY
  117 00000000         Reset_Handler
                               PROC
  118 00000000                 EXPORT           Reset_Handler        [WEAK]
  119 00000000                 IMPORT           __main
  120 00000000 480A            LDR              R0, =SystemInit
  121 00000002 4780            BLX              R0
  122 00000004                 IF               USER_MODE_EN = 1
  128                          ENDIF
  129 00000004 480A            LDR              R0, =__main
  130 00000006 4700            BX               R0
  131 00000008                 ENDP
  132 00000008         
  133 00000008         NMI_Handler
                               PROC
  134 00000008                 EXPORT           NMI_Handler          [WEAK]
  135 00000008 E7FE            B                .
  136 0000000A                 ENDP
  137 0000000A         
  138 0000000A         HardFault_Handler



ARM Macro Assembler    Page 5 


                               PROC
  139 0000000A                 EXPORT           HardFault_Handler    [WEAK]
  140 0000000A E7FE            B                .
  141 0000000C                 ENDP
  142 0000000C         
  143 0000000C         MemManage_Handler
                               PROC
  144 0000000C                 EXPORT           MemManage_Handler    [WEAK]
  145 0000000C E7FE            B                .
  146 0000000E                 ENDP
  147 0000000E         
  148 0000000E         BusFault_Handler
                               PROC
  149 0000000E                 EXPORT           BusFault_Handler     [WEAK]
  150 0000000E E7FE            B                .
  151 00000010                 ENDP
  152 00000010         
  153 00000010         UsageFault_Handler
                               PROC
  154 00000010                 EXPORT           UsageFault_Handler   [WEAK]
  155 00000010 E7FE            B                .
  156 00000012                 ENDP
  157 00000012         
  158 00000012         SVC_Handler
                               PROC
  159 00000012                 EXPORT           SVC_Handler          [WEAK]
  160 00000012                 IF               USER_MODE_EN = 1
  168 00000012 E7FE            B                .
  169 00000014                 ENDIF
  170 00000014                 ENDP
  171 00000014                 IF               USER_MODE_EN = 1
  176                          ENDIF
  177 00000014         
  178 00000014         DebugMon_Handler
                               PROC
  179 00000014                 EXPORT           DebugMon_Handler     [WEAK]
  180 00000014 E7FE            B                .
  181 00000016                 ENDP
  182 00000016         
  183 00000016         PendSV_Handler
                               PROC
  184 00000016                 EXPORT           PendSV_Handler       [WEAK]
  185 00000016 E7FE            B                .
  186 00000018                 ENDP
  187 00000018         
  188 00000018         SysTick_Handler
                               PROC
  189 00000018                 EXPORT           SysTick_Handler      [WEAK]
  190 00000018 E7FE            B                .
  191 0000001A                 ENDP
  192 0000001A         
  193 0000001A         Default_Handler
                               PROC
  194 0000001A                 EXPORT           WWDT_Handler         [WEAK]
  195 0000001A                 EXPORT           BOD_Handler          [WEAK]
  196 0000001A                 EXPORT           RCC_Handler          [WEAK]
  197 0000001A                 EXPORT           EXTI0_Handler        [WEAK]
  198 0000001A                 EXPORT           EXTI1_Handler        [WEAK]
  199 0000001A                 EXPORT           EXTI2_Handler        [WEAK]



ARM Macro Assembler    Page 6 


  200 0000001A                 EXPORT           EXTI3_Handler        [WEAK]
  201 0000001A                 EXPORT           EXTI4_Handler        [WEAK]
  202 0000001A                 EXPORT           DMA_CH0_Handler      [WEAK]
  203 0000001A                 EXPORT           DMA_CH1_Handler      [WEAK]
  204 0000001A                 EXPORT           DMA_CH2_7_Handler    [WEAK]
  205 0000001A                 EXPORT           ADC_Handler          [WEAK]
  206 0000001A                 EXPORT           PWM0_Handler         [WEAK]
  207 0000001A                 EXPORT           PWM1_Handler         [WEAK]
  208 0000001A                 EXPORT           PWM2_Handler         [WEAK]
  209 0000001A                 EXPORT           PWM3_Handler         [WEAK]
  210 0000001A                 EXPORT           PCA0_Handler         [WEAK]
  211 0000001A                 EXPORT           PCA1_Handler         [WEAK]
  212 0000001A                 EXPORT           PCA2_Handler         [WEAK]
  213 0000001A                 EXPORT           PCA3_Handler         [WEAK]
  214 0000001A                 EXPORT           EXTI9_5_Handler      [WEAK]
  215 0000001A                 EXPORT           UART0_Handler        [WEAK]
  216 0000001A                 EXPORT           TWI0_Handler         [WEAK]
  217 0000001A                 EXPORT           TWI1_Handler         [WEAK]
  218 0000001A                 EXPORT           SPI0_Handler         [WEAK]
  219 0000001A                 EXPORT           SPI1_Handler         [WEAK]
  220 0000001A                 EXPORT           UART1_Handler        [WEAK]
  221 0000001A                 EXPORT           UART2_Handler        [WEAK]
  222 0000001A                 EXPORT           UART3_Handler        [WEAK]
  223 0000001A                 EXPORT           UART4_Handler        [WEAK]
  224 0000001A                 EXPORT           EXTI15_10_Handler    [WEAK]
  225 0000001A                 EXPORT           UART5_Handler        [WEAK]
  226 0000001A                 EXPORT           TIM5_Handler         [WEAK]
  227 0000001A                 EXPORT           TIM6_Handler         [WEAK]
  228 0000001A                 EXPORT           TIM7_Handler         [WEAK]
  229 0000001A                 EXPORT           TIM8_Handler         [WEAK]
  230 0000001A                 EXPORT           PCA4_Handler         [WEAK]
  231 0000001A                 EXPORT           PCA5_Handler         [WEAK]
  232 0000001A                 EXPORT           PCA6_Handler         [WEAK]
  233 0000001A                 EXPORT           PCA7_Handler         [WEAK]
  234 0000001A                 EXPORT           LED_Handler          [WEAK]
  235 0000001A                 EXPORT           TouchKey_Handler     [WEAK]
  236 0000001A         WWDT_Handler
  237 0000001A         BOD_Handler
  238 0000001A         RCC_Handler
  239 0000001A         EXTI0_Handler
  240 0000001A         EXTI1_Handler
  241 0000001A         EXTI2_Handler
  242 0000001A         EXTI3_Handler
  243 0000001A         EXTI4_Handler
  244 0000001A         DMA_CH0_Handler
  245 0000001A         DMA_CH1_Handler
  246 0000001A         DMA_CH2_7_Handler
  247 0000001A         ADC_Handler
  248 0000001A         PWM0_Handler
  249 0000001A         PWM1_Handler
  250 0000001A         PWM2_Handler
  251 0000001A         PWM3_Handler
  252 0000001A         PCA0_Handler
  253 0000001A         PCA1_Handler
  254 0000001A         PCA2_Handler
  255 0000001A         PCA3_Handler
  256 0000001A         EXTI9_5_Handler
  257 0000001A         UART0_Handler
  258 0000001A         TWI0_Handler



ARM Macro Assembler    Page 7 


  259 0000001A         TWI1_Handler
  260 0000001A         SPI0_Handler
  261 0000001A         SPI1_Handler
  262 0000001A         UART1_Handler
  263 0000001A         UART2_Handler
  264 0000001A         UART3_Handler
  265 0000001A         UART4_Handler
  266 0000001A         EXTI15_10_Handler
  267 0000001A         UART5_Handler
  268 0000001A         TIM5_Handler
  269 0000001A         TIM6_Handler
  270 0000001A         TIM7_Handler
  271 0000001A         TIM8_Handler
  272 0000001A         PCA4_Handler
  273 0000001A         PCA5_Handler
  274 0000001A         PCA6_Handler
  275 0000001A         PCA7_Handler
  276 0000001A         LED_Handler
  277 0000001A         TouchKey_Handler
  278 0000001A E7FE            B                .
  279 0000001C                 ENDP
  280 0000001C         
  281 0000001C         
  282 0000001C         SystemInit
                               PROC
  283 0000001C                 EXPORT           SystemInit  [WEAK]
  284 0000001C 4770            BX               LR
  285 0000001E                 ENDP
  286 0000001E         
  287 0000001E 00 00           ALIGN
  288 00000020         
  289 00000020         
  290 00000020                 ALIGN
  291 00000020         ; User Initial Stack & Heap
  292 00000020         
  293 00000020                 IF               :DEF:__MICROLIB
  300 00000020         
  301 00000020                 IMPORT           __use_two_region_memory
  302 00000020                 EXPORT           __user_initial_stackheap
  303 00000020         __user_initial_stackheap
  304 00000020         
  305 00000020 4804            LDR              R0, =  Heap_Mem
  306 00000022 4905            LDR              R1, =__initial_sp ;
  307 00000024 4A05            LDR              R2, = (Heap_Mem +  Heap_Size)
  308 00000026 4B06            LDR              R3, = User_Stack_Mem
  309 00000028 4770            BX               LR
  310 0000002A         
  311 0000002A 00 00           ALIGN
  312 0000002C         
  313 0000002C                 ENDIF
  314 0000002C         
  315 0000002C         
  316 0000002C                 END
              00000000 
              00000000 
              00000000 
              00000000 
              00000100 
              00000000 



ARM Macro Assembler    Page 8 


Command Line: --debug --xref --diag_suppress=9931 --cpu=Cortex-M3 --apcs=interw
ork --depend=.\objects\startup_sh32f9001_keil.d -o.\objects\startup_sh32f9001_k
eil.o -IC:\Keil_v5\ARM\RV31\INC -IC:\Keil_v5\ARM\CMSIS\Include -IC:\Keil_v5\ARM
\INC\Sinowealth --predefine="__UVISION_VERSION SETA 536" --list=.\listings\star
tup_sh32f9001_keil.lst ..\..\Libraries\CMSIS\Device\Sinowealth\SH32F9xx\Source\
Startup\arm\startup_sh32f9001_keil.s



ARM Macro Assembler    Page 1 Alphabetic symbol ordering
Relocatable symbols

STACK 00000000

Symbol: STACK
   Definitions
      At line 24 in file ..\..\Libraries\CMSIS\Device\Sinowealth\SH32F9xx\Sourc
e\Startup\arm\startup_sh32f9001_keil.s
   Uses
      None
Comment: STACK unused
System_Stack_Mem 00000000

Symbol: System_Stack_Mem
   Definitions
      At line 25 in file ..\..\Libraries\CMSIS\Device\Sinowealth\SH32F9xx\Sourc
e\Startup\arm\startup_sh32f9001_keil.s
   Uses
      None
Comment: System_Stack_Mem unused
User_Stack_Mem 00000400

Symbol: User_Stack_Mem
   Definitions
      At line 27 in file ..\..\Libraries\CMSIS\Device\Sinowealth\SH32F9xx\Sourc
e\Startup\arm\startup_sh32f9001_keil.s
   Uses
      At line 308 in file ..\..\Libraries\CMSIS\Device\Sinowealth\SH32F9xx\Sour
ce\Startup\arm\startup_sh32f9001_keil.s
Comment: User_Stack_Mem used once
__initial_sp 00000400

Symbol: __initial_sp
   Definitions
      At line 29 in file ..\..\Libraries\CMSIS\Device\Sinowealth\SH32F9xx\Sourc
e\Startup\arm\startup_sh32f9001_keil.s
   Uses
      At line 306 in file ..\..\Libraries\CMSIS\Device\Sinowealth\SH32F9xx\Sour
ce\Startup\arm\startup_sh32f9001_keil.s
Comment: __initial_sp used once
system_stack_top 00000400

Symbol: system_stack_top
   Definitions
      At line 26 in file ..\..\Libraries\CMSIS\Device\Sinowealth\SH32F9xx\Sourc
e\Startup\arm\startup_sh32f9001_keil.s
   Uses
      At line 53 in file ..\..\Libraries\CMSIS\Device\Sinowealth\SH32F9xx\Sourc
e\Startup\arm\startup_sh32f9001_keil.s
Comment: system_stack_top used once
usr_stack_top 00000400

Symbol: usr_stack_top
   Definitions
      At line 28 in file ..\..\Libraries\CMSIS\Device\Sinowealth\SH32F9xx\Sourc
e\Startup\arm\startup_sh32f9001_keil.s
   Uses
      None
Comment: usr_stack_top unused
6 symbols



ARM Macro Assembler    Page 1 Alphabetic symbol ordering
Relocatable symbols

HEAP 00000000

Symbol: HEAP
   Definitions
      At line 40 in file ..\..\Libraries\CMSIS\Device\Sinowealth\SH32F9xx\Sourc
e\Startup\arm\startup_sh32f9001_keil.s
   Uses
      None
Comment: HEAP unused
Heap_Mem 00000000

Symbol: Heap_Mem
   Definitions
      At line 42 in file ..\..\Libraries\CMSIS\Device\Sinowealth\SH32F9xx\Sourc
e\Startup\arm\startup_sh32f9001_keil.s
   Uses
      At line 305 in file ..\..\Libraries\CMSIS\Device\Sinowealth\SH32F9xx\Sour
ce\Startup\arm\startup_sh32f9001_keil.s
      At line 307 in file ..\..\Libraries\CMSIS\Device\Sinowealth\SH32F9xx\Sour
ce\Startup\arm\startup_sh32f9001_keil.s

__heap_base 00000000

Symbol: __heap_base
   Definitions
      At line 41 in file ..\..\Libraries\CMSIS\Device\Sinowealth\SH32F9xx\Sourc
e\Startup\arm\startup_sh32f9001_keil.s
   Uses
      None
Comment: __heap_base unused
__heap_limit 00000100

Symbol: __heap_limit
   Definitions
      At line 43 in file ..\..\Libraries\CMSIS\Device\Sinowealth\SH32F9xx\Sourc
e\Startup\arm\startup_sh32f9001_keil.s
   Uses
      None
Comment: __heap_limit unused
4 symbols



ARM Macro Assembler    Page 1 Alphabetic symbol ordering
Relocatable symbols

RESET 00000000

Symbol: RESET
   Definitions
      At line 48 in file ..\..\Libraries\CMSIS\Device\Sinowealth\SH32F9xx\Sourc
e\Startup\arm\startup_sh32f9001_keil.s
   Uses
      None
Comment: RESET unused
__Vectors 00000000

Symbol: __Vectors
   Definitions
      At line 52 in file ..\..\Libraries\CMSIS\Device\Sinowealth\SH32F9xx\Sourc
e\Startup\arm\startup_sh32f9001_keil.s
   Uses
      At line 49 in file ..\..\Libraries\CMSIS\Device\Sinowealth\SH32F9xx\Sourc
e\Startup\arm\startup_sh32f9001_keil.s
      At line 114 in file ..\..\Libraries\CMSIS\Device\Sinowealth\SH32F9xx\Sour
ce\Startup\arm\startup_sh32f9001_keil.s

__Vectors_End 000000E8

Symbol: __Vectors_End
   Definitions
      At line 113 in file ..\..\Libraries\CMSIS\Device\Sinowealth\SH32F9xx\Sour
ce\Startup\arm\startup_sh32f9001_keil.s
   Uses
      At line 50 in file ..\..\Libraries\CMSIS\Device\Sinowealth\SH32F9xx\Sourc
e\Startup\arm\startup_sh32f9001_keil.s
      At line 114 in file ..\..\Libraries\CMSIS\Device\Sinowealth\SH32F9xx\Sour
ce\Startup\arm\startup_sh32f9001_keil.s

3 symbols



ARM Macro Assembler    Page 1 Alphabetic symbol ordering
Relocatable symbols

.text 00000000

Symbol: .text
   Definitions
      At line 116 in file ..\..\Libraries\CMSIS\Device\Sinowealth\SH32F9xx\Sour
ce\Startup\arm\startup_sh32f9001_keil.s
   Uses
      None
Comment: .text unused
ADC_Handler 0000001A

Symbol: ADC_Handler
   Definitions
      At line 247 in file ..\..\Libraries\CMSIS\Device\Sinowealth\SH32F9xx\Sour
ce\Startup\arm\startup_sh32f9001_keil.s
   Uses
      At line 80 in file ..\..\Libraries\CMSIS\Device\Sinowealth\SH32F9xx\Sourc
e\Startup\arm\startup_sh32f9001_keil.s
      At line 205 in file ..\..\Libraries\CMSIS\Device\Sinowealth\SH32F9xx\Sour
ce\Startup\arm\startup_sh32f9001_keil.s

BOD_Handler 0000001A

Symbol: BOD_Handler
   Definitions
      At line 237 in file ..\..\Libraries\CMSIS\Device\Sinowealth\SH32F9xx\Sour
ce\Startup\arm\startup_sh32f9001_keil.s
   Uses
      At line 70 in file ..\..\Libraries\CMSIS\Device\Sinowealth\SH32F9xx\Sourc
e\Startup\arm\startup_sh32f9001_keil.s
      At line 195 in file ..\..\Libraries\CMSIS\Device\Sinowealth\SH32F9xx\Sour
ce\Startup\arm\startup_sh32f9001_keil.s

BusFault_Handler 0000000E

Symbol: BusFault_Handler
   Definitions
      At line 148 in file ..\..\Libraries\CMSIS\Device\Sinowealth\SH32F9xx\Sour
ce\Startup\arm\startup_sh32f9001_keil.s
   Uses
      At line 58 in file ..\..\Libraries\CMSIS\Device\Sinowealth\SH32F9xx\Sourc
e\Startup\arm\startup_sh32f9001_keil.s
      At line 149 in file ..\..\Libraries\CMSIS\Device\Sinowealth\SH32F9xx\Sour
ce\Startup\arm\startup_sh32f9001_keil.s

DMA_CH0_Handler 0000001A

Symbol: DMA_CH0_Handler
   Definitions
      At line 244 in file ..\..\Libraries\CMSIS\Device\Sinowealth\SH32F9xx\Sour
ce\Startup\arm\startup_sh32f9001_keil.s
   Uses
      At line 77 in file ..\..\Libraries\CMSIS\Device\Sinowealth\SH32F9xx\Sourc
e\Startup\arm\startup_sh32f9001_keil.s
      At line 202 in file ..\..\Libraries\CMSIS\Device\Sinowealth\SH32F9xx\Sour
ce\Startup\arm\startup_sh32f9001_keil.s

DMA_CH1_Handler 0000001A




ARM Macro Assembler    Page 2 Alphabetic symbol ordering
Relocatable symbols

Symbol: DMA_CH1_Handler
   Definitions
      At line 245 in file ..\..\Libraries\CMSIS\Device\Sinowealth\SH32F9xx\Sour
ce\Startup\arm\startup_sh32f9001_keil.s
   Uses
      At line 78 in file ..\..\Libraries\CMSIS\Device\Sinowealth\SH32F9xx\Sourc
e\Startup\arm\startup_sh32f9001_keil.s
      At line 203 in file ..\..\Libraries\CMSIS\Device\Sinowealth\SH32F9xx\Sour
ce\Startup\arm\startup_sh32f9001_keil.s

DMA_CH2_7_Handler 0000001A

Symbol: DMA_CH2_7_Handler
   Definitions
      At line 246 in file ..\..\Libraries\CMSIS\Device\Sinowealth\SH32F9xx\Sour
ce\Startup\arm\startup_sh32f9001_keil.s
   Uses
      At line 79 in file ..\..\Libraries\CMSIS\Device\Sinowealth\SH32F9xx\Sourc
e\Startup\arm\startup_sh32f9001_keil.s
      At line 204 in file ..\..\Libraries\CMSIS\Device\Sinowealth\SH32F9xx\Sour
ce\Startup\arm\startup_sh32f9001_keil.s

DebugMon_Handler 00000014

Symbol: DebugMon_Handler
   Definitions
      At line 178 in file ..\..\Libraries\CMSIS\Device\Sinowealth\SH32F9xx\Sour
ce\Startup\arm\startup_sh32f9001_keil.s
   Uses
      At line 65 in file ..\..\Libraries\CMSIS\Device\Sinowealth\SH32F9xx\Sourc
e\Startup\arm\startup_sh32f9001_keil.s
      At line 179 in file ..\..\Libraries\CMSIS\Device\Sinowealth\SH32F9xx\Sour
ce\Startup\arm\startup_sh32f9001_keil.s

Default_Handler 0000001A

Symbol: Default_Handler
   Definitions
      At line 193 in file ..\..\Libraries\CMSIS\Device\Sinowealth\SH32F9xx\Sour
ce\Startup\arm\startup_sh32f9001_keil.s
   Uses
      At line 60 in file ..\..\Libraries\CMSIS\Device\Sinowealth\SH32F9xx\Sourc
e\Startup\arm\startup_sh32f9001_keil.s
      At line 61 in file ..\..\Libraries\CMSIS\Device\Sinowealth\SH32F9xx\Sourc
e\Startup\arm\startup_sh32f9001_keil.s
      At line 62 in file ..\..\Libraries\CMSIS\Device\Sinowealth\SH32F9xx\Sourc
e\Startup\arm\startup_sh32f9001_keil.s
      At line 63 in file ..\..\Libraries\CMSIS\Device\Sinowealth\SH32F9xx\Sourc
e\Startup\arm\startup_sh32f9001_keil.s
      At line 66 in file ..\..\Libraries\CMSIS\Device\Sinowealth\SH32F9xx\Sourc
e\Startup\arm\startup_sh32f9001_keil.s

EXTI0_Handler 0000001A

Symbol: EXTI0_Handler
   Definitions
      At line 239 in file ..\..\Libraries\CMSIS\Device\Sinowealth\SH32F9xx\Sour
ce\Startup\arm\startup_sh32f9001_keil.s
   Uses



ARM Macro Assembler    Page 3 Alphabetic symbol ordering
Relocatable symbols

      At line 72 in file ..\..\Libraries\CMSIS\Device\Sinowealth\SH32F9xx\Sourc
e\Startup\arm\startup_sh32f9001_keil.s
      At line 197 in file ..\..\Libraries\CMSIS\Device\Sinowealth\SH32F9xx\Sour
ce\Startup\arm\startup_sh32f9001_keil.s

EXTI15_10_Handler 0000001A

Symbol: EXTI15_10_Handler
   Definitions
      At line 266 in file ..\..\Libraries\CMSIS\Device\Sinowealth\SH32F9xx\Sour
ce\Startup\arm\startup_sh32f9001_keil.s
   Uses
      At line 99 in file ..\..\Libraries\CMSIS\Device\Sinowealth\SH32F9xx\Sourc
e\Startup\arm\startup_sh32f9001_keil.s
      At line 224 in file ..\..\Libraries\CMSIS\Device\Sinowealth\SH32F9xx\Sour
ce\Startup\arm\startup_sh32f9001_keil.s

EXTI1_Handler 0000001A

Symbol: EXTI1_Handler
   Definitions
      At line 240 in file ..\..\Libraries\CMSIS\Device\Sinowealth\SH32F9xx\Sour
ce\Startup\arm\startup_sh32f9001_keil.s
   Uses
      At line 73 in file ..\..\Libraries\CMSIS\Device\Sinowealth\SH32F9xx\Sourc
e\Startup\arm\startup_sh32f9001_keil.s
      At line 198 in file ..\..\Libraries\CMSIS\Device\Sinowealth\SH32F9xx\Sour
ce\Startup\arm\startup_sh32f9001_keil.s

EXTI2_Handler 0000001A

Symbol: EXTI2_Handler
   Definitions
      At line 241 in file ..\..\Libraries\CMSIS\Device\Sinowealth\SH32F9xx\Sour
ce\Startup\arm\startup_sh32f9001_keil.s
   Uses
      At line 74 in file ..\..\Libraries\CMSIS\Device\Sinowealth\SH32F9xx\Sourc
e\Startup\arm\startup_sh32f9001_keil.s
      At line 199 in file ..\..\Libraries\CMSIS\Device\Sinowealth\SH32F9xx\Sour
ce\Startup\arm\startup_sh32f9001_keil.s

EXTI3_Handler 0000001A

Symbol: EXTI3_Handler
   Definitions
      At line 242 in file ..\..\Libraries\CMSIS\Device\Sinowealth\SH32F9xx\Sour
ce\Startup\arm\startup_sh32f9001_keil.s
   Uses
      At line 75 in file ..\..\Libraries\CMSIS\Device\Sinowealth\SH32F9xx\Sourc
e\Startup\arm\startup_sh32f9001_keil.s
      At line 200 in file ..\..\Libraries\CMSIS\Device\Sinowealth\SH32F9xx\Sour
ce\Startup\arm\startup_sh32f9001_keil.s

EXTI4_Handler 0000001A

Symbol: EXTI4_Handler
   Definitions
      At line 243 in file ..\..\Libraries\CMSIS\Device\Sinowealth\SH32F9xx\Sour
ce\Startup\arm\startup_sh32f9001_keil.s



ARM Macro Assembler    Page 4 Alphabetic symbol ordering
Relocatable symbols

   Uses
      At line 76 in file ..\..\Libraries\CMSIS\Device\Sinowealth\SH32F9xx\Sourc
e\Startup\arm\startup_sh32f9001_keil.s
      At line 201 in file ..\..\Libraries\CMSIS\Device\Sinowealth\SH32F9xx\Sour
ce\Startup\arm\startup_sh32f9001_keil.s

EXTI9_5_Handler 0000001A

Symbol: EXTI9_5_Handler
   Definitions
      At line 256 in file ..\..\Libraries\CMSIS\Device\Sinowealth\SH32F9xx\Sour
ce\Startup\arm\startup_sh32f9001_keil.s
   Uses
      At line 89 in file ..\..\Libraries\CMSIS\Device\Sinowealth\SH32F9xx\Sourc
e\Startup\arm\startup_sh32f9001_keil.s
      At line 214 in file ..\..\Libraries\CMSIS\Device\Sinowealth\SH32F9xx\Sour
ce\Startup\arm\startup_sh32f9001_keil.s

HardFault_Handler 0000000A

Symbol: HardFault_Handler
   Definitions
      At line 138 in file ..\..\Libraries\CMSIS\Device\Sinowealth\SH32F9xx\Sour
ce\Startup\arm\startup_sh32f9001_keil.s
   Uses
      At line 56 in file ..\..\Libraries\CMSIS\Device\Sinowealth\SH32F9xx\Sourc
e\Startup\arm\startup_sh32f9001_keil.s
      At line 139 in file ..\..\Libraries\CMSIS\Device\Sinowealth\SH32F9xx\Sour
ce\Startup\arm\startup_sh32f9001_keil.s

LED_Handler 0000001A

Symbol: LED_Handler
   Definitions
      At line 276 in file ..\..\Libraries\CMSIS\Device\Sinowealth\SH32F9xx\Sour
ce\Startup\arm\startup_sh32f9001_keil.s
   Uses
      At line 109 in file ..\..\Libraries\CMSIS\Device\Sinowealth\SH32F9xx\Sour
ce\Startup\arm\startup_sh32f9001_keil.s
      At line 234 in file ..\..\Libraries\CMSIS\Device\Sinowealth\SH32F9xx\Sour
ce\Startup\arm\startup_sh32f9001_keil.s

MemManage_Handler 0000000C

Symbol: MemManage_Handler
   Definitions
      At line 143 in file ..\..\Libraries\CMSIS\Device\Sinowealth\SH32F9xx\Sour
ce\Startup\arm\startup_sh32f9001_keil.s
   Uses
      At line 57 in file ..\..\Libraries\CMSIS\Device\Sinowealth\SH32F9xx\Sourc
e\Startup\arm\startup_sh32f9001_keil.s
      At line 144 in file ..\..\Libraries\CMSIS\Device\Sinowealth\SH32F9xx\Sour
ce\Startup\arm\startup_sh32f9001_keil.s

NMI_Handler 00000008

Symbol: NMI_Handler
   Definitions
      At line 133 in file ..\..\Libraries\CMSIS\Device\Sinowealth\SH32F9xx\Sour



ARM Macro Assembler    Page 5 Alphabetic symbol ordering
Relocatable symbols

ce\Startup\arm\startup_sh32f9001_keil.s
   Uses
      At line 55 in file ..\..\Libraries\CMSIS\Device\Sinowealth\SH32F9xx\Sourc
e\Startup\arm\startup_sh32f9001_keil.s
      At line 134 in file ..\..\Libraries\CMSIS\Device\Sinowealth\SH32F9xx\Sour
ce\Startup\arm\startup_sh32f9001_keil.s

PCA0_Handler 0000001A

Symbol: PCA0_Handler
   Definitions
      At line 252 in file ..\..\Libraries\CMSIS\Device\Sinowealth\SH32F9xx\Sour
ce\Startup\arm\startup_sh32f9001_keil.s
   Uses
      At line 85 in file ..\..\Libraries\CMSIS\Device\Sinowealth\SH32F9xx\Sourc
e\Startup\arm\startup_sh32f9001_keil.s
      At line 210 in file ..\..\Libraries\CMSIS\Device\Sinowealth\SH32F9xx\Sour
ce\Startup\arm\startup_sh32f9001_keil.s

PCA1_Handler 0000001A

Symbol: PCA1_Handler
   Definitions
      At line 253 in file ..\..\Libraries\CMSIS\Device\Sinowealth\SH32F9xx\Sour
ce\Startup\arm\startup_sh32f9001_keil.s
   Uses
      At line 86 in file ..\..\Libraries\CMSIS\Device\Sinowealth\SH32F9xx\Sourc
e\Startup\arm\startup_sh32f9001_keil.s
      At line 211 in file ..\..\Libraries\CMSIS\Device\Sinowealth\SH32F9xx\Sour
ce\Startup\arm\startup_sh32f9001_keil.s

PCA2_Handler 0000001A

Symbol: PCA2_Handler
   Definitions
      At line 254 in file ..\..\Libraries\CMSIS\Device\Sinowealth\SH32F9xx\Sour
ce\Startup\arm\startup_sh32f9001_keil.s
   Uses
      At line 87 in file ..\..\Libraries\CMSIS\Device\Sinowealth\SH32F9xx\Sourc
e\Startup\arm\startup_sh32f9001_keil.s
      At line 212 in file ..\..\Libraries\CMSIS\Device\Sinowealth\SH32F9xx\Sour
ce\Startup\arm\startup_sh32f9001_keil.s

PCA3_Handler 0000001A

Symbol: PCA3_Handler
   Definitions
      At line 255 in file ..\..\Libraries\CMSIS\Device\Sinowealth\SH32F9xx\Sour
ce\Startup\arm\startup_sh32f9001_keil.s
   Uses
      At line 88 in file ..\..\Libraries\CMSIS\Device\Sinowealth\SH32F9xx\Sourc
e\Startup\arm\startup_sh32f9001_keil.s
      At line 213 in file ..\..\Libraries\CMSIS\Device\Sinowealth\SH32F9xx\Sour
ce\Startup\arm\startup_sh32f9001_keil.s

PCA4_Handler 0000001A

Symbol: PCA4_Handler
   Definitions



ARM Macro Assembler    Page 6 Alphabetic symbol ordering
Relocatable symbols

      At line 272 in file ..\..\Libraries\CMSIS\Device\Sinowealth\SH32F9xx\Sour
ce\Startup\arm\startup_sh32f9001_keil.s
   Uses
      At line 105 in file ..\..\Libraries\CMSIS\Device\Sinowealth\SH32F9xx\Sour
ce\Startup\arm\startup_sh32f9001_keil.s
      At line 230 in file ..\..\Libraries\CMSIS\Device\Sinowealth\SH32F9xx\Sour
ce\Startup\arm\startup_sh32f9001_keil.s

PCA5_Handler 0000001A

Symbol: PCA5_Handler
   Definitions
      At line 273 in file ..\..\Libraries\CMSIS\Device\Sinowealth\SH32F9xx\Sour
ce\Startup\arm\startup_sh32f9001_keil.s
   Uses
      At line 106 in file ..\..\Libraries\CMSIS\Device\Sinowealth\SH32F9xx\Sour
ce\Startup\arm\startup_sh32f9001_keil.s
      At line 231 in file ..\..\Libraries\CMSIS\Device\Sinowealth\SH32F9xx\Sour
ce\Startup\arm\startup_sh32f9001_keil.s

PCA6_Handler 0000001A

Symbol: PCA6_Handler
   Definitions
      At line 274 in file ..\..\Libraries\CMSIS\Device\Sinowealth\SH32F9xx\Sour
ce\Startup\arm\startup_sh32f9001_keil.s
   Uses
      At line 107 in file ..\..\Libraries\CMSIS\Device\Sinowealth\SH32F9xx\Sour
ce\Startup\arm\startup_sh32f9001_keil.s
      At line 232 in file ..\..\Libraries\CMSIS\Device\Sinowealth\SH32F9xx\Sour
ce\Startup\arm\startup_sh32f9001_keil.s

PCA7_Handler 0000001A

Symbol: PCA7_Handler
   Definitions
      At line 275 in file ..\..\Libraries\CMSIS\Device\Sinowealth\SH32F9xx\Sour
ce\Startup\arm\startup_sh32f9001_keil.s
   Uses
      At line 108 in file ..\..\Libraries\CMSIS\Device\Sinowealth\SH32F9xx\Sour
ce\Startup\arm\startup_sh32f9001_keil.s
      At line 233 in file ..\..\Libraries\CMSIS\Device\Sinowealth\SH32F9xx\Sour
ce\Startup\arm\startup_sh32f9001_keil.s

PWM0_Handler 0000001A

Symbol: PWM0_Handler
   Definitions
      At line 248 in file ..\..\Libraries\CMSIS\Device\Sinowealth\SH32F9xx\Sour
ce\Startup\arm\startup_sh32f9001_keil.s
   Uses
      At line 81 in file ..\..\Libraries\CMSIS\Device\Sinowealth\SH32F9xx\Sourc
e\Startup\arm\startup_sh32f9001_keil.s
      At line 206 in file ..\..\Libraries\CMSIS\Device\Sinowealth\SH32F9xx\Sour
ce\Startup\arm\startup_sh32f9001_keil.s

PWM1_Handler 0000001A

Symbol: PWM1_Handler



ARM Macro Assembler    Page 7 Alphabetic symbol ordering
Relocatable symbols

   Definitions
      At line 249 in file ..\..\Libraries\CMSIS\Device\Sinowealth\SH32F9xx\Sour
ce\Startup\arm\startup_sh32f9001_keil.s
   Uses
      At line 82 in file ..\..\Libraries\CMSIS\Device\Sinowealth\SH32F9xx\Sourc
e\Startup\arm\startup_sh32f9001_keil.s
      At line 207 in file ..\..\Libraries\CMSIS\Device\Sinowealth\SH32F9xx\Sour
ce\Startup\arm\startup_sh32f9001_keil.s

PWM2_Handler 0000001A

Symbol: PWM2_Handler
   Definitions
      At line 250 in file ..\..\Libraries\CMSIS\Device\Sinowealth\SH32F9xx\Sour
ce\Startup\arm\startup_sh32f9001_keil.s
   Uses
      At line 83 in file ..\..\Libraries\CMSIS\Device\Sinowealth\SH32F9xx\Sourc
e\Startup\arm\startup_sh32f9001_keil.s
      At line 208 in file ..\..\Libraries\CMSIS\Device\Sinowealth\SH32F9xx\Sour
ce\Startup\arm\startup_sh32f9001_keil.s

PWM3_Handler 0000001A

Symbol: PWM3_Handler
   Definitions
      At line 251 in file ..\..\Libraries\CMSIS\Device\Sinowealth\SH32F9xx\Sour
ce\Startup\arm\startup_sh32f9001_keil.s
   Uses
      At line 84 in file ..\..\Libraries\CMSIS\Device\Sinowealth\SH32F9xx\Sourc
e\Startup\arm\startup_sh32f9001_keil.s
      At line 209 in file ..\..\Libraries\CMSIS\Device\Sinowealth\SH32F9xx\Sour
ce\Startup\arm\startup_sh32f9001_keil.s

PendSV_Handler 00000016

Symbol: PendSV_Handler
   Definitions
      At line 183 in file ..\..\Libraries\CMSIS\Device\Sinowealth\SH32F9xx\Sour
ce\Startup\arm\startup_sh32f9001_keil.s
   Uses
      At line 67 in file ..\..\Libraries\CMSIS\Device\Sinowealth\SH32F9xx\Sourc
e\Startup\arm\startup_sh32f9001_keil.s
      At line 184 in file ..\..\Libraries\CMSIS\Device\Sinowealth\SH32F9xx\Sour
ce\Startup\arm\startup_sh32f9001_keil.s

RCC_Handler 0000001A

Symbol: RCC_Handler
   Definitions
      At line 238 in file ..\..\Libraries\CMSIS\Device\Sinowealth\SH32F9xx\Sour
ce\Startup\arm\startup_sh32f9001_keil.s
   Uses
      At line 71 in file ..\..\Libraries\CMSIS\Device\Sinowealth\SH32F9xx\Sourc
e\Startup\arm\startup_sh32f9001_keil.s
      At line 196 in file ..\..\Libraries\CMSIS\Device\Sinowealth\SH32F9xx\Sour
ce\Startup\arm\startup_sh32f9001_keil.s

Reset_Handler 00000000




ARM Macro Assembler    Page 8 Alphabetic symbol ordering
Relocatable symbols

Symbol: Reset_Handler
   Definitions
      At line 117 in file ..\..\Libraries\CMSIS\Device\Sinowealth\SH32F9xx\Sour
ce\Startup\arm\startup_sh32f9001_keil.s
   Uses
      At line 54 in file ..\..\Libraries\CMSIS\Device\Sinowealth\SH32F9xx\Sourc
e\Startup\arm\startup_sh32f9001_keil.s
      At line 118 in file ..\..\Libraries\CMSIS\Device\Sinowealth\SH32F9xx\Sour
ce\Startup\arm\startup_sh32f9001_keil.s

SPI0_Handler 0000001A

Symbol: SPI0_Handler
   Definitions
      At line 260 in file ..\..\Libraries\CMSIS\Device\Sinowealth\SH32F9xx\Sour
ce\Startup\arm\startup_sh32f9001_keil.s
   Uses
      At line 93 in file ..\..\Libraries\CMSIS\Device\Sinowealth\SH32F9xx\Sourc
e\Startup\arm\startup_sh32f9001_keil.s
      At line 218 in file ..\..\Libraries\CMSIS\Device\Sinowealth\SH32F9xx\Sour
ce\Startup\arm\startup_sh32f9001_keil.s

SPI1_Handler 0000001A

Symbol: SPI1_Handler
   Definitions
      At line 261 in file ..\..\Libraries\CMSIS\Device\Sinowealth\SH32F9xx\Sour
ce\Startup\arm\startup_sh32f9001_keil.s
   Uses
      At line 94 in file ..\..\Libraries\CMSIS\Device\Sinowealth\SH32F9xx\Sourc
e\Startup\arm\startup_sh32f9001_keil.s
      At line 219 in file ..\..\Libraries\CMSIS\Device\Sinowealth\SH32F9xx\Sour
ce\Startup\arm\startup_sh32f9001_keil.s

SVC_Handler 00000012

Symbol: SVC_Handler
   Definitions
      At line 158 in file ..\..\Libraries\CMSIS\Device\Sinowealth\SH32F9xx\Sour
ce\Startup\arm\startup_sh32f9001_keil.s
   Uses
      At line 64 in file ..\..\Libraries\CMSIS\Device\Sinowealth\SH32F9xx\Sourc
e\Startup\arm\startup_sh32f9001_keil.s
      At line 159 in file ..\..\Libraries\CMSIS\Device\Sinowealth\SH32F9xx\Sour
ce\Startup\arm\startup_sh32f9001_keil.s

SysTick_Handler 00000018

Symbol: SysTick_Handler
   Definitions
      At line 188 in file ..\..\Libraries\CMSIS\Device\Sinowealth\SH32F9xx\Sour
ce\Startup\arm\startup_sh32f9001_keil.s
   Uses
      At line 68 in file ..\..\Libraries\CMSIS\Device\Sinowealth\SH32F9xx\Sourc
e\Startup\arm\startup_sh32f9001_keil.s
      At line 189 in file ..\..\Libraries\CMSIS\Device\Sinowealth\SH32F9xx\Sour
ce\Startup\arm\startup_sh32f9001_keil.s

SystemInit 0000001C



ARM Macro Assembler    Page 9 Alphabetic symbol ordering
Relocatable symbols


Symbol: SystemInit
   Definitions
      At line 282 in file ..\..\Libraries\CMSIS\Device\Sinowealth\SH32F9xx\Sour
ce\Startup\arm\startup_sh32f9001_keil.s
   Uses
      At line 120 in file ..\..\Libraries\CMSIS\Device\Sinowealth\SH32F9xx\Sour
ce\Startup\arm\startup_sh32f9001_keil.s
      At line 283 in file ..\..\Libraries\CMSIS\Device\Sinowealth\SH32F9xx\Sour
ce\Startup\arm\startup_sh32f9001_keil.s

TIM5_Handler 0000001A

Symbol: TIM5_Handler
   Definitions
      At line 268 in file ..\..\Libraries\CMSIS\Device\Sinowealth\SH32F9xx\Sour
ce\Startup\arm\startup_sh32f9001_keil.s
   Uses
      At line 101 in file ..\..\Libraries\CMSIS\Device\Sinowealth\SH32F9xx\Sour
ce\Startup\arm\startup_sh32f9001_keil.s
      At line 226 in file ..\..\Libraries\CMSIS\Device\Sinowealth\SH32F9xx\Sour
ce\Startup\arm\startup_sh32f9001_keil.s

TIM6_Handler 0000001A

Symbol: TIM6_Handler
   Definitions
      At line 269 in file ..\..\Libraries\CMSIS\Device\Sinowealth\SH32F9xx\Sour
ce\Startup\arm\startup_sh32f9001_keil.s
   Uses
      At line 102 in file ..\..\Libraries\CMSIS\Device\Sinowealth\SH32F9xx\Sour
ce\Startup\arm\startup_sh32f9001_keil.s
      At line 227 in file ..\..\Libraries\CMSIS\Device\Sinowealth\SH32F9xx\Sour
ce\Startup\arm\startup_sh32f9001_keil.s

TIM7_Handler 0000001A

Symbol: TIM7_Handler
   Definitions
      At line 270 in file ..\..\Libraries\CMSIS\Device\Sinowealth\SH32F9xx\Sour
ce\Startup\arm\startup_sh32f9001_keil.s
   Uses
      At line 103 in file ..\..\Libraries\CMSIS\Device\Sinowealth\SH32F9xx\Sour
ce\Startup\arm\startup_sh32f9001_keil.s
      At line 228 in file ..\..\Libraries\CMSIS\Device\Sinowealth\SH32F9xx\Sour
ce\Startup\arm\startup_sh32f9001_keil.s

TIM8_Handler 0000001A

Symbol: TIM8_Handler
   Definitions
      At line 271 in file ..\..\Libraries\CMSIS\Device\Sinowealth\SH32F9xx\Sour
ce\Startup\arm\startup_sh32f9001_keil.s
   Uses
      At line 104 in file ..\..\Libraries\CMSIS\Device\Sinowealth\SH32F9xx\Sour
ce\Startup\arm\startup_sh32f9001_keil.s
      At line 229 in file ..\..\Libraries\CMSIS\Device\Sinowealth\SH32F9xx\Sour
ce\Startup\arm\startup_sh32f9001_keil.s




ARM Macro Assembler    Page 10 Alphabetic symbol ordering
Relocatable symbols

TWI0_Handler 0000001A

Symbol: TWI0_Handler
   Definitions
      At line 258 in file ..\..\Libraries\CMSIS\Device\Sinowealth\SH32F9xx\Sour
ce\Startup\arm\startup_sh32f9001_keil.s
   Uses
      At line 91 in file ..\..\Libraries\CMSIS\Device\Sinowealth\SH32F9xx\Sourc
e\Startup\arm\startup_sh32f9001_keil.s
      At line 216 in file ..\..\Libraries\CMSIS\Device\Sinowealth\SH32F9xx\Sour
ce\Startup\arm\startup_sh32f9001_keil.s

TWI1_Handler 0000001A

Symbol: TWI1_Handler
   Definitions
      At line 259 in file ..\..\Libraries\CMSIS\Device\Sinowealth\SH32F9xx\Sour
ce\Startup\arm\startup_sh32f9001_keil.s
   Uses
      At line 92 in file ..\..\Libraries\CMSIS\Device\Sinowealth\SH32F9xx\Sourc
e\Startup\arm\startup_sh32f9001_keil.s
      At line 217 in file ..\..\Libraries\CMSIS\Device\Sinowealth\SH32F9xx\Sour
ce\Startup\arm\startup_sh32f9001_keil.s

TouchKey_Handler 0000001A

Symbol: TouchKey_Handler
   Definitions
      At line 277 in file ..\..\Libraries\CMSIS\Device\Sinowealth\SH32F9xx\Sour
ce\Startup\arm\startup_sh32f9001_keil.s
   Uses
      At line 110 in file ..\..\Libraries\CMSIS\Device\Sinowealth\SH32F9xx\Sour
ce\Startup\arm\startup_sh32f9001_keil.s
      At line 235 in file ..\..\Libraries\CMSIS\Device\Sinowealth\SH32F9xx\Sour
ce\Startup\arm\startup_sh32f9001_keil.s

UART0_Handler 0000001A

Symbol: UART0_Handler
   Definitions
      At line 257 in file ..\..\Libraries\CMSIS\Device\Sinowealth\SH32F9xx\Sour
ce\Startup\arm\startup_sh32f9001_keil.s
   Uses
      At line 90 in file ..\..\Libraries\CMSIS\Device\Sinowealth\SH32F9xx\Sourc
e\Startup\arm\startup_sh32f9001_keil.s
      At line 215 in file ..\..\Libraries\CMSIS\Device\Sinowealth\SH32F9xx\Sour
ce\Startup\arm\startup_sh32f9001_keil.s

UART1_Handler 0000001A

Symbol: UART1_Handler
   Definitions
      At line 262 in file ..\..\Libraries\CMSIS\Device\Sinowealth\SH32F9xx\Sour
ce\Startup\arm\startup_sh32f9001_keil.s
   Uses
      At line 95 in file ..\..\Libraries\CMSIS\Device\Sinowealth\SH32F9xx\Sourc
e\Startup\arm\startup_sh32f9001_keil.s
      At line 220 in file ..\..\Libraries\CMSIS\Device\Sinowealth\SH32F9xx\Sour
ce\Startup\arm\startup_sh32f9001_keil.s



ARM Macro Assembler    Page 11 Alphabetic symbol ordering
Relocatable symbols


UART2_Handler 0000001A

Symbol: UART2_Handler
   Definitions
      At line 263 in file ..\..\Libraries\CMSIS\Device\Sinowealth\SH32F9xx\Sour
ce\Startup\arm\startup_sh32f9001_keil.s
   Uses
      At line 96 in file ..\..\Libraries\CMSIS\Device\Sinowealth\SH32F9xx\Sourc
e\Startup\arm\startup_sh32f9001_keil.s
      At line 221 in file ..\..\Libraries\CMSIS\Device\Sinowealth\SH32F9xx\Sour
ce\Startup\arm\startup_sh32f9001_keil.s

UART3_Handler 0000001A

Symbol: UART3_Handler
   Definitions
      At line 264 in file ..\..\Libraries\CMSIS\Device\Sinowealth\SH32F9xx\Sour
ce\Startup\arm\startup_sh32f9001_keil.s
   Uses
      At line 97 in file ..\..\Libraries\CMSIS\Device\Sinowealth\SH32F9xx\Sourc
e\Startup\arm\startup_sh32f9001_keil.s
      At line 222 in file ..\..\Libraries\CMSIS\Device\Sinowealth\SH32F9xx\Sour
ce\Startup\arm\startup_sh32f9001_keil.s

UART4_Handler 0000001A

Symbol: UART4_Handler
   Definitions
      At line 265 in file ..\..\Libraries\CMSIS\Device\Sinowealth\SH32F9xx\Sour
ce\Startup\arm\startup_sh32f9001_keil.s
   Uses
      At line 98 in file ..\..\Libraries\CMSIS\Device\Sinowealth\SH32F9xx\Sourc
e\Startup\arm\startup_sh32f9001_keil.s
      At line 223 in file ..\..\Libraries\CMSIS\Device\Sinowealth\SH32F9xx\Sour
ce\Startup\arm\startup_sh32f9001_keil.s

UART5_Handler 0000001A

Symbol: UART5_Handler
   Definitions
      At line 267 in file ..\..\Libraries\CMSIS\Device\Sinowealth\SH32F9xx\Sour
ce\Startup\arm\startup_sh32f9001_keil.s
   Uses
      At line 100 in file ..\..\Libraries\CMSIS\Device\Sinowealth\SH32F9xx\Sour
ce\Startup\arm\startup_sh32f9001_keil.s
      At line 225 in file ..\..\Libraries\CMSIS\Device\Sinowealth\SH32F9xx\Sour
ce\Startup\arm\startup_sh32f9001_keil.s

UsageFault_Handler 00000010

Symbol: UsageFault_Handler
   Definitions
      At line 153 in file ..\..\Libraries\CMSIS\Device\Sinowealth\SH32F9xx\Sour
ce\Startup\arm\startup_sh32f9001_keil.s
   Uses
      At line 59 in file ..\..\Libraries\CMSIS\Device\Sinowealth\SH32F9xx\Sourc
e\Startup\arm\startup_sh32f9001_keil.s
      At line 154 in file ..\..\Libraries\CMSIS\Device\Sinowealth\SH32F9xx\Sour



ARM Macro Assembler    Page 12 Alphabetic symbol ordering
Relocatable symbols

ce\Startup\arm\startup_sh32f9001_keil.s

WWDT_Handler 0000001A

Symbol: WWDT_Handler
   Definitions
      At line 236 in file ..\..\Libraries\CMSIS\Device\Sinowealth\SH32F9xx\Sour
ce\Startup\arm\startup_sh32f9001_keil.s
   Uses
      At line 69 in file ..\..\Libraries\CMSIS\Device\Sinowealth\SH32F9xx\Sourc
e\Startup\arm\startup_sh32f9001_keil.s
      At line 194 in file ..\..\Libraries\CMSIS\Device\Sinowealth\SH32F9xx\Sour
ce\Startup\arm\startup_sh32f9001_keil.s

__user_initial_stackheap 00000020

Symbol: __user_initial_stackheap
   Definitions
      At line 303 in file ..\..\Libraries\CMSIS\Device\Sinowealth\SH32F9xx\Sour
ce\Startup\arm\startup_sh32f9001_keil.s
   Uses
      At line 302 in file ..\..\Libraries\CMSIS\Device\Sinowealth\SH32F9xx\Sour
ce\Startup\arm\startup_sh32f9001_keil.s
Comment: __user_initial_stackheap used once
56 symbols



ARM Macro Assembler    Page 1 Alphabetic symbol ordering
Absolute symbols

Heap_Size 00000100

Symbol: Heap_Size
   Definitions
      At line 34 in file ..\..\Libraries\CMSIS\Device\Sinowealth\SH32F9xx\Sourc
e\Startup\arm\startup_sh32f9001_keil.s
   Uses
      At line 42 in file ..\..\Libraries\CMSIS\Device\Sinowealth\SH32F9xx\Sourc
e\Startup\arm\startup_sh32f9001_keil.s
      At line 307 in file ..\..\Libraries\CMSIS\Device\Sinowealth\SH32F9xx\Sour
ce\Startup\arm\startup_sh32f9001_keil.s

SystemStack_Size 00000400

Symbol: SystemStack_Size
   Definitions
      At line 21 in file ..\..\Libraries\CMSIS\Device\Sinowealth\SH32F9xx\Sourc
e\Startup\arm\startup_sh32f9001_keil.s
   Uses
      At line 25 in file ..\..\Libraries\CMSIS\Device\Sinowealth\SH32F9xx\Sourc
e\Startup\arm\startup_sh32f9001_keil.s
Comment: SystemStack_Size used once
USER_MODE_EN 00000000

Symbol: USER_MODE_EN
   Definitions
      At line 14 in file ..\..\Libraries\CMSIS\Device\Sinowealth\SH32F9xx\Sourc
e\Startup\arm\startup_sh32f9001_keil.s
   Uses
      At line 122 in file ..\..\Libraries\CMSIS\Device\Sinowealth\SH32F9xx\Sour
ce\Startup\arm\startup_sh32f9001_keil.s
      At line 160 in file ..\..\Libraries\CMSIS\Device\Sinowealth\SH32F9xx\Sour
ce\Startup\arm\startup_sh32f9001_keil.s
      At line 171 in file ..\..\Libraries\CMSIS\Device\Sinowealth\SH32F9xx\Sour
ce\Startup\arm\startup_sh32f9001_keil.s

UserStack_Size 00000000

Symbol: UserStack_Size
   Definitions
      At line 22 in file ..\..\Libraries\CMSIS\Device\Sinowealth\SH32F9xx\Sourc
e\Startup\arm\startup_sh32f9001_keil.s
   Uses
      At line 27 in file ..\..\Libraries\CMSIS\Device\Sinowealth\SH32F9xx\Sourc
e\Startup\arm\startup_sh32f9001_keil.s
Comment: UserStack_Size used once
__Vectors_Size 000000E8

Symbol: __Vectors_Size
   Definitions
      At line 114 in file ..\..\Libraries\CMSIS\Device\Sinowealth\SH32F9xx\Sour
ce\Startup\arm\startup_sh32f9001_keil.s
   Uses
      At line 51 in file ..\..\Libraries\CMSIS\Device\Sinowealth\SH32F9xx\Sourc
e\Startup\arm\startup_sh32f9001_keil.s
Comment: __Vectors_Size used once
5 symbols



ARM Macro Assembler    Page 1 Alphabetic symbol ordering
External symbols

__main 00000000

Symbol: __main
   Definitions
      At line 119 in file ..\..\Libraries\CMSIS\Device\Sinowealth\SH32F9xx\Sour
ce\Startup\arm\startup_sh32f9001_keil.s
   Uses
      At line 129 in file ..\..\Libraries\CMSIS\Device\Sinowealth\SH32F9xx\Sour
ce\Startup\arm\startup_sh32f9001_keil.s
Comment: __main used once
__use_two_region_memory 00000000

Symbol: __use_two_region_memory
   Definitions
      At line 301 in file ..\..\Libraries\CMSIS\Device\Sinowealth\SH32F9xx\Sour
ce\Startup\arm\startup_sh32f9001_keil.s
   Uses
      None
Comment: __use_two_region_memory unused
2 symbols
411 symbols in table
